The system is: CYGWIN - 3.4.6-1.x86_64 - x86_64
Compiling the C compiler identification source file "CMakeCCompilerId.c" succeeded.
Compiler: /usr/bin/cc 
Build flags: 
Id flags:  

The output was:
0


Compilation of the C compiler identification source "CMakeCCompilerId.c" produced "a.exe"

The C compiler identification is GNU, found in "/cygdrive/c/PO/project oop/cmake-build-debug/CMakeFiles/3.24.2/CompilerIdC/a.exe"

Compiling the CXX compiler identification source file "CMakeCXXCompilerId.cpp" succeeded.
Compiler: /usr/bin/c++.exe 
Build flags: 
Id flags:  

The output was:
0


Compilation of the CXX compiler identification source "CMakeCXXCompilerId.cpp" produced "a.exe"

The CXX compiler identification is GNU, found in "/cygdrive/c/PO/project oop/cmake-build-debug/CMakeFiles/3.24.2/CompilerIdCXX/a.exe"

Determining if the C compiler works passed with the following output:
Change Dir: /cygdrive/c/PO/project oop/cmake-build-debug/CMakeFiles/CMakeTmp

Run Build Command(s):/cygdrive/c/Program Files/JetBrains/CLion 2022.3.2/bin/ninja/cygwin/x64/ninja.exe cmTC_9cc93 && [1/2] Building C object CMakeFiles/cmTC_9cc93.dir/testCCompiler.c.o
[2/2] Linking C executable cmTC_9cc93.exe



Determining if the CXX compiler works passed with the following output:
Change Dir: /cygdrive/c/PO/project oop/cmake-build-debug/CMakeFiles/CMakeTmp

Run Build Command(s):/cygdrive/c/Program Files/JetBrains/CLion 2022.3.2/bin/ninja/cygwin/x64/ninja.exe cmTC_934c2 && [1/2] Building CXX object CMakeFiles/cmTC_934c2.dir/testCXXCompiler.cxx.o
[2/2] Linking CXX executable cmTC_934c2.exe



